2021-09-18T06:54:24+00:00 CRITICAL Uncaught TypeError: Unsupported operand types: null / string in D:\xampp\htdocs\banbuy\wp-content\themes\astra\functions.php:281
Stack trace:
#0 D:\xampp\htdocs\banbuy\wp-includes\class-wp-hook.php(303): lw_variable_product_price('<p class="price...', Object(WC_Product_Variable))
#1 D:\xampp\htdocs\banbuy\wp-includes\plugin.php(189): WP_Hook->apply_filters('<p class="price...', Array)
#2 D:\xampp\htdocs\banbuy\wp-content\plugins\woocommerce\includes\class-wc-product-variable.php(167): apply_filters('woocommerce_var...', '<del aria-hidde...', Object(WC_Product_Variable))
#3 D:\xampp\htdocs\banbuy\wp-content\plugins\woocommerce\templates\loop\price.php(25): WC_Product_Variable->get_price_html()
#4 D:\xampp\htdocs\banbuy\wp-content\plugins\woocommerce\includes\wc-core-functions.php(345): include('D:\\xampp\\htdocs...')
#5 D:\xampp\htdocs\banbuy\wp-content\plugins\woocommerce\includes\wc-template-functions.php(1377): wc_get_template('loop/price.php')
#6 D:\xampp\htdocs\banbuy\wp-content\themes\astra\inc\compatibility\woocommerce\woocommerce-common-functions.php(193): woocommerce_template_loop_price()
#7 D:\xampp\htdocs\banbuy\wp-includes\class-wp-hook.php(303): astra_woo_woocommerce_shop_product_content('')
#8 D:\xampp\htdocs\banbuy\wp-includes\class-wp-hook.php(327): WP_Hook->apply_filters(NULL, Array)
#9 D:\xampp\htdocs\banbuy\wp-includes\plugin.php(470): WP_Hook->do_action(Array)
#10 D:\xampp\htdocs\banbuy\wp-content\plugins\woocommerce\templates\content-product.php(65): do_action('woocommerce_aft...')
#11 D:\xampp\htdocs\banbuy\wp-includes\template.php(772): require('D:\\xampp\\htdocs...')
#12 D:\xampp\htdocs\banbuy\wp-content\plugins\woocommerce\includes\wc-core-functions.php(284): load_template('D:\\xampp\\htdocs...', false)
#13 D:\xampp\htdocs\banbuy\wp-content\plugins\woocommerce\includes\shortcodes\class-wc-shortcode-products.php(660): wc_get_template_part('content', 'product')
#14 D:\xampp\htdocs\banbuy\wp-content\plugins\woocommerce\includes\shortcodes\class-wc-shortcode-products.php(100): WC_Shortcode_Products->product_loop()
#15 D:\xampp\htdocs\banbuy\wp-content\plugins\elementor-pro\modules\woocommerce\classes\base-products-renderer.php(22): WC_Shortcode_Products->get_content()
#16 D:\xampp\htdocs\banbuy\wp-content\plugins\elementor-pro\modules\woocommerce\widgets\products.php(232): ElementorPro\Modules\Woocommerce\Classes\Base_Products_Renderer->get_content()
#17 D:\xampp\htdocs\banbuy\wp-content\plugins\elementor\includes\base\controls-stack.php(2144): ElementorPro\Modules\Woocommerce\Widgets\Products->render()
#18 D:\xampp\htdocs\banbuy\wp-content\plugins\elementor\includes\base\widget-base.php(581): Elementor\Controls_Stack->render_by_mode()
#19 D:\xampp\htdocs\banbuy\wp-content\plugins\elementor\includes\base\widget-base.php(722): Elementor\Widget_Base->render_content()
#20 D:\xampp\htdocs\banbuy\wp-content\plugins\elementor\includes\base\element-base.php(450): Elementor\Widget_Base->print_content()
#21 D:\xampp\htdocs\banbuy\wp-content\plugins\elementor\includes\base\element-base.php(744): Elementor\Element_Base->print_element()
#22 D:\xampp\htdocs\banbuy\wp-content\plugins\elementor\includes\base\element-base.php(450): Elementor\Element_Base->print_content()
#23 D:\xampp\htdocs\banbuy\wp-content\plugins\elementor\includes\base\element-base.php(744): Elementor\Element_Base->print_element()
#24 D:\xampp\htdocs\banbuy\wp-content\plugins\elementor\includes\base\element-base.php(450): Elementor\Element_Base->print_content()
#25 D:\xampp\htdocs\banbuy\wp-content\plugins\elementor\core\base\document.php(1516): Elementor\Element_Base->print_element()
#26 D:\xampp\htdocs\banbuy\wp-content\plugins\elementor\core\base\document.php(989): Elementor\Core\Base\Document->print_elements(Array)
#27 D:\xampp\htdocs\banbuy\wp-content\plugins\elementor\includes\frontend.php(1038): Elementor\Core\Base\Document->print_elements_with_wrapper(Array)
#28 D:\xampp\htdocs\banbuy\wp-content\plugins\elementor\includes\frontend.php(952): Elementor\Frontend->get_builder_content(8)
#29 D:\xampp\htdocs\banbuy\wp-includes\class-wp-hook.php(303): Elementor\Frontend->apply_builder_in_content('<em>Welcome to ...')
#30 D:\xampp\htdocs\banbuy\wp-includes\plugin.php(189): WP_Hook->apply_filters('<em>Welcome to ...', Array)
#31 D:\xampp\htdocs\banbuy\wp-includes\post-template.php(253): apply_filters('the_content', '<em>Welcome to ...')
#32 D:\xampp\htdocs\banbuy\wp-content\themes\astra\template-parts\content-page.php(54): the_content()
#33 D:\xampp\htdocs\banbuy\wp-includes\template.php(772): require('D:\\xampp\\htdocs...')
#34 D:\xampp\htdocs\banbuy\wp-includes\template.php(716): load_template('D:\\xampp\\htdocs...', false, Array)
#35 D:\xampp\htdocs\banbuy\wp-includes\general-template.php(204): locate_template(Array, true, false, Array)
#36 D:\xampp\htdocs\banbuy\wp-content\themes\astra\inc\class-astra-loop.php(109): get_template_part('template-parts/...', 'page')
#37 D:\xampp\htdocs\banbuy\wp-includes\class-wp-hook.php(303): Astra_Loop->template_parts_page('')
#38 D:\xampp\htdocs\banbuy\wp-includes\class-wp-hook.php(327): WP_Hook->apply_filters('', Array)
#39 D:\xampp\htdocs\banbuy\wp-includes\plugin.php(470): WP_Hook->do_action(Array)
#40 D:\xampp\htdocs\banbuy\wp-content\themes\astra\inc\class-astra-loop.php(197): do_action('astra_page_temp...')
#41 D:\xampp\htdocs\banbuy\wp-content\themes\astra\inc\class-astra-loop.php(174): Astra_Loop->loop_markup(true)
#42 D:\xampp\htdocs\banbuy\wp-includes\class-wp-hook.php(303): Astra_Loop->loop_markup_page('')
#43 D:\xampp\htdocs\banbuy\wp-includes\class-wp-hook.php(327): WP_Hook->apply_filters('', Array)
#44 D:\xampp\htdocs\banbuy\wp-includes\plugin.php(470): WP_Hook->do_action(Array)
#45 D:\xampp\htdocs\banbuy\wp-content\themes\astra\inc\core\theme-hooks.php(267): do_action('astra_content_p...')
#46 D:\xampp\htdocs\banbuy\wp-content\themes\astra\page.php(32): astra_content_page_loop()
#47 D:\xampp\htdocs\banbuy\wp-includes\template-loader.php(106): include('D:\\xampp\\htdocs...')
#48 D:\xampp\htdocs\banbuy\wp-blog-header.php(19): require_once('D:\\xampp\\htdocs...')
#49 D:\xampp\htdocs\banbuy\index.php(17): require('D:\\xampp\\htdocs...')
#50 {main}
  thrown in D:\xampp\htdocs\banbuy\wp-content\themes\astra\functions.php on line 281

2021-09-18T10:58:48+00:00 CRITICAL Uncaught Error: Call to undefined method WC_Product_Simple::get_variation_price() in D:\xampp\htdocs\banbuy\wp-content\themes\astra\functions.php:269
Stack trace:
#0 D:\xampp\htdocs\banbuy\wp-includes\class-wp-hook.php(303): lw_variable_product_price('<del aria-hidde...', Object(WC_Product_Simple))
#1 D:\xampp\htdocs\banbuy\wp-includes\plugin.php(189): WP_Hook->apply_filters('<del aria-hidde...', Array)
#2 D:\xampp\htdocs\banbuy\wp-content\plugins\woocommerce\includes\abstracts\abstract-wc-product.php(1835): apply_filters('woocommerce_get...', '<del aria-hidde...', Object(WC_Product_Simple))
#3 D:\xampp\htdocs\banbuy\wp-content\plugins\woocommerce\templates\loop\price.php(25): WC_Product->get_price_html()
#4 D:\xampp\htdocs\banbuy\wp-content\plugins\woocommerce\includes\wc-core-functions.php(345): include('D:\\xampp\\htdocs...')
#5 D:\xampp\htdocs\banbuy\wp-content\plugins\woocommerce\includes\wc-template-functions.php(1377): wc_get_template('loop/price.php')
#6 D:\xampp\htdocs\banbuy\wp-content\themes\astra\inc\compatibility\woocommerce\woocommerce-common-functions.php(193): woocommerce_template_loop_price()
#7 D:\xampp\htdocs\banbuy\wp-includes\class-wp-hook.php(303): astra_woo_woocommerce_shop_product_content('')
#8 D:\xampp\htdocs\banbuy\wp-includes\class-wp-hook.php(327): WP_Hook->apply_filters(NULL, Array)
#9 D:\xampp\htdocs\banbuy\wp-includes\plugin.php(470): WP_Hook->do_action(Array)
#10 D:\xampp\htdocs\banbuy\wp-content\plugins\woocommerce\templates\content-product.php(65): do_action('woocommerce_aft...')
#11 D:\xampp\htdocs\banbuy\wp-includes\template.php(772): require('D:\\xampp\\htdocs...')
#12 D:\xampp\htdocs\banbuy\wp-content\plugins\woocommerce\includes\wc-core-functions.php(284): load_template('D:\\xampp\\htdocs...', false)
#13 D:\xampp\htdocs\banbuy\wp-content\plugins\woocommerce\includes\shortcodes\class-wc-shortcode-products.php(660): wc_get_template_part('content', 'product')
#14 D:\xampp\htdocs\banbuy\wp-content\plugins\woocommerce\includes\shortcodes\class-wc-shortcode-products.php(100): WC_Shortcode_Products->product_loop()
#15 D:\xampp\htdocs\banbuy\wp-content\plugins\elementor-pro\modules\woocommerce\classes\base-products-renderer.php(22): WC_Shortcode_Products->get_content()
#16 D:\xampp\htdocs\banbuy\wp-content\plugins\elementor-pro\modules\woocommerce\widgets\products.php(232): ElementorPro\Modules\Woocommerce\Classes\Base_Products_Renderer->get_content()
#17 D:\xampp\htdocs\banbuy\wp-content\plugins\elementor\includes\base\controls-stack.php(2144): ElementorPro\Modules\Woocommerce\Widgets\Products->render()
#18 D:\xampp\htdocs\banbuy\wp-content\plugins\elementor\includes\base\widget-base.php(581): Elementor\Controls_Stack->render_by_mode()
#19 D:\xampp\htdocs\banbuy\wp-content\plugins\elementor\includes\base\widget-base.php(722): Elementor\Widget_Base->render_content()
#20 D:\xampp\htdocs\banbuy\wp-content\plugins\elementor\includes\base\element-base.php(450): Elementor\Widget_Base->print_content()
#21 D:\xampp\htdocs\banbuy\wp-content\plugins\elementor\includes\base\element-base.php(744): Elementor\Element_Base->print_element()
#22 D:\xampp\htdocs\banbuy\wp-content\plugins\elementor\includes\base\element-base.php(450): Elementor\Element_Base->print_content()
#23 D:\xampp\htdocs\banbuy\wp-content\plugins\elementor\includes\base\element-base.php(744): Elementor\Element_Base->print_element()
#24 D:\xampp\htdocs\banbuy\wp-content\plugins\elementor\includes\base\element-base.php(450): Elementor\Element_Base->print_content()
#25 D:\xampp\htdocs\banbuy\wp-content\plugins\elementor\core\base\document.php(1516): Elementor\Element_Base->print_element()
#26 D:\xampp\htdocs\banbuy\wp-content\plugins\elementor\core\base\document.php(989): Elementor\Core\Base\Document->print_elements(Array)
#27 D:\xampp\htdocs\banbuy\wp-content\plugins\elementor\includes\frontend.php(1038): Elementor\Core\Base\Document->print_elements_with_wrapper(Array)
#28 D:\xampp\htdocs\banbuy\wp-content\plugins\elementor\includes\frontend.php(952): Elementor\Frontend->get_builder_content(8)
#29 D:\xampp\htdocs\banbuy\wp-includes\class-wp-hook.php(303): Elementor\Frontend->apply_builder_in_content('<em>Welcome to ...')
#30 D:\xampp\htdocs\banbuy\wp-includes\plugin.php(189): WP_Hook->apply_filters('<em>Welcome to ...', Array)
#31 D:\xampp\htdocs\banbuy\wp-includes\post-template.php(253): apply_filters('the_content', '<em>Welcome to ...')
#32 D:\xampp\htdocs\banbuy\wp-content\themes\astra\template-parts\content-page.php(54): the_content()
#33 D:\xampp\htdocs\banbuy\wp-includes\template.php(772): require('D:\\xampp\\htdocs...')
#34 D:\xampp\htdocs\banbuy\wp-includes\template.php(716): load_template('D:\\xampp\\htdocs...', false, Array)
#35 D:\xampp\htdocs\banbuy\wp-includes\general-template.php(204): locate_template(Array, true, false, Array)
#36 D:\xampp\htdocs\banbuy\wp-content\themes\astra\inc\class-astra-loop.php(109): get_template_part('template-parts/...', 'page')
#37 D:\xampp\htdocs\banbuy\wp-includes\class-wp-hook.php(303): Astra_Loop->template_parts_page('')
#38 D:\xampp\htdocs\banbuy\wp-includes\class-wp-hook.php(327): WP_Hook->apply_filters('', Array)
#39 D:\xampp\htdocs\banbuy\wp-includes\plugin.php(470): WP_Hook->do_action(Array)
#40 D:\xampp\htdocs\banbuy\wp-content\themes\astra\inc\class-astra-loop.php(197): do_action('astra_page_temp...')
#41 D:\xampp\htdocs\banbuy\wp-content\themes\astra\inc\class-astra-loop.php(174): Astra_Loop->loop_markup(true)
#42 D:\xampp\htdocs\banbuy\wp-includes\class-wp-hook.php(303): Astra_Loop->loop_markup_page('')
#43 D:\xampp\htdocs\banbuy\wp-includes\class-wp-hook.php(327): WP_Hook->apply_filters('', Array)
#44 D:\xampp\htdocs\banbuy\wp-includes\plugin.php(470): WP_Hook->do_action(Array)
#45 D:\xampp\htdocs\banbuy\wp-content\themes\astra\inc\core\theme-hooks.php(267): do_action('astra_content_p...')
#46 D:\xampp\htdocs\banbuy\wp-content\themes\astra\page.php(32): astra_content_page_loop()
#47 D:\xampp\htdocs\banbuy\wp-includes\template-loader.php(106): include('D:\\xampp\\htdocs...')
#48 D:\xampp\htdocs\banbuy\wp-blog-header.php(19): require_once('D:\\xampp\\htdocs...')
#49 D:\xampp\htdocs\banbuy\index.php(17): require('D:\\xampp\\htdocs...')
#50 {main}
  thrown in D:\xampp\htdocs\banbuy\wp-content\themes\astra\functions.php on line 269

2021-09-18T11:06:55+00:00 CRITICAL Uncaught TypeError: Unsupported operand types: string / string in D:\xampp\htdocs\banbuy\wp-content\themes\astra\functions.php:286
Stack trace:
#0 D:\xampp\htdocs\banbuy\wp-includes\class-wp-hook.php(303): lw_variable_product_price('<p class="price...', Object(WC_Product_Variable))
#1 D:\xampp\htdocs\banbuy\wp-includes\plugin.php(189): WP_Hook->apply_filters('<p class="price...', Array)
#2 D:\xampp\htdocs\banbuy\wp-content\plugins\woocommerce\includes\class-wc-product-variable.php(167): apply_filters('woocommerce_var...', '<del aria-hidde...', Object(WC_Product_Variable))
#3 D:\xampp\htdocs\banbuy\wp-content\plugins\woocommerce\templates\loop\price.php(25): WC_Product_Variable->get_price_html()
#4 D:\xampp\htdocs\banbuy\wp-content\plugins\woocommerce\includes\wc-core-functions.php(345): include('D:\\xampp\\htdocs...')
#5 D:\xampp\htdocs\banbuy\wp-content\plugins\woocommerce\includes\wc-template-functions.php(1377): wc_get_template('loop/price.php')
#6 D:\xampp\htdocs\banbuy\wp-content\themes\astra\inc\compatibility\woocommerce\woocommerce-common-functions.php(193): woocommerce_template_loop_price()
#7 D:\xampp\htdocs\banbuy\wp-includes\class-wp-hook.php(303): astra_woo_woocommerce_shop_product_content('')
#8 D:\xampp\htdocs\banbuy\wp-includes\class-wp-hook.php(327): WP_Hook->apply_filters(NULL, Array)
#9 D:\xampp\htdocs\banbuy\wp-includes\plugin.php(470): WP_Hook->do_action(Array)
#10 D:\xampp\htdocs\banbuy\wp-content\plugins\woocommerce\templates\content-product.php(65): do_action('woocommerce_aft...')
#11 D:\xampp\htdocs\banbuy\wp-includes\template.php(772): require('D:\\xampp\\htdocs...')
#12 D:\xampp\htdocs\banbuy\wp-content\plugins\woocommerce\includes\wc-core-functions.php(284): load_template('D:\\xampp\\htdocs...', false)
#13 D:\xampp\htdocs\banbuy\wp-content\plugins\woocommerce\includes\shortcodes\class-wc-shortcode-products.php(660): wc_get_template_part('content', 'product')
#14 D:\xampp\htdocs\banbuy\wp-content\plugins\woocommerce\includes\shortcodes\class-wc-shortcode-products.php(100): WC_Shortcode_Products->product_loop()
#15 D:\xampp\htdocs\banbuy\wp-content\plugins\elementor-pro\modules\woocommerce\classes\base-products-renderer.php(22): WC_Shortcode_Products->get_content()
#16 D:\xampp\htdocs\banbuy\wp-content\plugins\elementor-pro\modules\woocommerce\widgets\products.php(232): ElementorPro\Modules\Woocommerce\Classes\Base_Products_Renderer->get_content()
#17 D:\xampp\htdocs\banbuy\wp-content\plugins\elementor\includes\base\controls-stack.php(2144): ElementorPro\Modules\Woocommerce\Widgets\Products->render()
#18 D:\xampp\htdocs\banbuy\wp-content\plugins\elementor\includes\base\widget-base.php(581): Elementor\Controls_Stack->render_by_mode()
#19 D:\xampp\htdocs\banbuy\wp-content\plugins\elementor\includes\base\widget-base.php(722): Elementor\Widget_Base->render_content()
#20 D:\xampp\htdocs\banbuy\wp-content\plugins\elementor\includes\base\element-base.php(450): Elementor\Widget_Base->print_content()
#21 D:\xampp\htdocs\banbuy\wp-content\plugins\elementor\includes\base\element-base.php(744): Elementor\Element_Base->print_element()
#22 D:\xampp\htdocs\banbuy\wp-content\plugins\elementor\includes\base\element-base.php(450): Elementor\Element_Base->print_content()
#23 D:\xampp\htdocs\banbuy\wp-content\plugins\elementor\includes\base\element-base.php(744): Elementor\Element_Base->print_element()
#24 D:\xampp\htdocs\banbuy\wp-content\plugins\elementor\includes\base\element-base.php(450): Elementor\Element_Base->print_content()
#25 D:\xampp\htdocs\banbuy\wp-content\plugins\elementor\core\base\document.php(1516): Elementor\Element_Base->print_element()
#26 D:\xampp\htdocs\banbuy\wp-content\plugins\elementor\core\base\document.php(989): Elementor\Core\Base\Document->print_elements(Array)
#27 D:\xampp\htdocs\banbuy\wp-content\plugins\elementor\includes\frontend.php(1038): Elementor\Core\Base\Document->print_elements_with_wrapper(Array)
#28 D:\xampp\htdocs\banbuy\wp-content\plugins\elementor\includes\frontend.php(952): Elementor\Frontend->get_builder_content(8)
#29 D:\xampp\htdocs\banbuy\wp-includes\class-wp-hook.php(303): Elementor\Frontend->apply_builder_in_content('<em>Welcome to ...')
#30 D:\xampp\htdocs\banbuy\wp-includes\plugin.php(189): WP_Hook->apply_filters('<em>Welcome to ...', Array)
#31 D:\xampp\htdocs\banbuy\wp-includes\post-template.php(253): apply_filters('the_content', '<em>Welcome to ...')
#32 D:\xampp\htdocs\banbuy\wp-content\themes\astra\template-parts\content-page.php(54): the_content()
#33 D:\xampp\htdocs\banbuy\wp-includes\template.php(772): require('D:\\xampp\\htdocs...')
#34 D:\xampp\htdocs\banbuy\wp-includes\template.php(716): load_template('D:\\xampp\\htdocs...', false, Array)
#35 D:\xampp\htdocs\banbuy\wp-includes\general-template.php(204): locate_template(Array, true, false, Array)
#36 D:\xampp\htdocs\banbuy\wp-content\themes\astra\inc\class-astra-loop.php(109): get_template_part('template-parts/...', 'page')
#37 D:\xampp\htdocs\banbuy\wp-includes\class-wp-hook.php(303): Astra_Loop->template_parts_page('')
#38 D:\xampp\htdocs\banbuy\wp-includes\class-wp-hook.php(327): WP_Hook->apply_filters('', Array)
#39 D:\xampp\htdocs\banbuy\wp-includes\plugin.php(470): WP_Hook->do_action(Array)
#40 D:\xampp\htdocs\banbuy\wp-content\themes\astra\inc\class-astra-loop.php(197): do_action('astra_page_temp...')
#41 D:\xampp\htdocs\banbuy\wp-content\themes\astra\inc\class-astra-loop.php(174): Astra_Loop->loop_markup(true)
#42 D:\xampp\htdocs\banbuy\wp-includes\class-wp-hook.php(303): Astra_Loop->loop_markup_page('')
#43 D:\xampp\htdocs\banbuy\wp-includes\class-wp-hook.php(327): WP_Hook->apply_filters('', Array)
#44 D:\xampp\htdocs\banbuy\wp-includes\plugin.php(470): WP_Hook->do_action(Array)
#45 D:\xampp\htdocs\banbuy\wp-content\themes\astra\inc\core\theme-hooks.php(267): do_action('astra_content_p...')
#46 D:\xampp\htdocs\banbuy\wp-content\themes\astra\page.php(32): astra_content_page_loop()
#47 D:\xampp\htdocs\banbuy\wp-includes\template-loader.php(106): include('D:\\xampp\\htdocs...')
#48 D:\xampp\htdocs\banbuy\wp-blog-header.php(19): require_once('D:\\xampp\\htdocs...')
#49 D:\xampp\htdocs\banbuy\index.php(17): require('D:\\xampp\\htdocs...')
#50 {main}
  thrown in D:\xampp\htdocs\banbuy\wp-content\themes\astra\functions.php on line 286

2021-09-18T11:13:43+00:00 CRITICAL Uncaught TypeError: Unsupported operand types: string / string in D:\xampp\htdocs\banbuy\wp-content\themes\astra\functions.php:286
Stack trace:
#0 D:\xampp\htdocs\banbuy\wp-includes\class-wp-hook.php(303): lw_variable_product_price('<p class="price...', Object(WC_Product_Variable))
#1 D:\xampp\htdocs\banbuy\wp-includes\plugin.php(189): WP_Hook->apply_filters('<p class="price...', Array)
#2 D:\xampp\htdocs\banbuy\wp-content\plugins\woocommerce\includes\class-wc-product-variable.php(167): apply_filters('woocommerce_var...', '<del aria-hidde...', Object(WC_Product_Variable))
#3 D:\xampp\htdocs\banbuy\wp-content\plugins\woocommerce\templates\loop\price.php(25): WC_Product_Variable->get_price_html()
#4 D:\xampp\htdocs\banbuy\wp-content\plugins\woocommerce\includes\wc-core-functions.php(345): include('D:\\xampp\\htdocs...')
#5 D:\xampp\htdocs\banbuy\wp-content\plugins\woocommerce\includes\wc-template-functions.php(1377): wc_get_template('loop/price.php')
#6 D:\xampp\htdocs\banbuy\wp-content\themes\astra\inc\compatibility\woocommerce\woocommerce-common-functions.php(193): woocommerce_template_loop_price()
#7 D:\xampp\htdocs\banbuy\wp-includes\class-wp-hook.php(303): astra_woo_woocommerce_shop_product_content('')
#8 D:\xampp\htdocs\banbuy\wp-includes\class-wp-hook.php(327): WP_Hook->apply_filters(NULL, Array)
#9 D:\xampp\htdocs\banbuy\wp-includes\plugin.php(470): WP_Hook->do_action(Array)
#10 D:\xampp\htdocs\banbuy\wp-content\plugins\woocommerce\templates\content-product.php(65): do_action('woocommerce_aft...')
#11 D:\xampp\htdocs\banbuy\wp-includes\template.php(772): require('D:\\xampp\\htdocs...')
#12 D:\xampp\htdocs\banbuy\wp-content\plugins\woocommerce\includes\wc-core-functions.php(284): load_template('D:\\xampp\\htdocs...', false)
#13 D:\xampp\htdocs\banbuy\wp-content\plugins\woocommerce\includes\shortcodes\class-wc-shortcode-products.php(660): wc_get_template_part('content', 'product')
#14 D:\xampp\htdocs\banbuy\wp-content\plugins\woocommerce\includes\shortcodes\class-wc-shortcode-products.php(100): WC_Shortcode_Products->product_loop()
#15 D:\xampp\htdocs\banbuy\wp-content\plugins\elementor-pro\modules\woocommerce\classes\base-products-renderer.php(22): WC_Shortcode_Products->get_content()
#16 D:\xampp\htdocs\banbuy\wp-content\plugins\elementor-pro\modules\woocommerce\widgets\products.php(232): ElementorPro\Modules\Woocommerce\Classes\Base_Products_Renderer->get_content()
#17 D:\xampp\htdocs\banbuy\wp-content\plugins\elementor\includes\base\controls-stack.php(2144): ElementorPro\Modules\Woocommerce\Widgets\Products->render()
#18 D:\xampp\htdocs\banbuy\wp-content\plugins\elementor\includes\base\widget-base.php(581): Elementor\Controls_Stack->render_by_mode()
#19 D:\xampp\htdocs\banbuy\wp-content\plugins\elementor\includes\base\widget-base.php(722): Elementor\Widget_Base->render_content()
#20 D:\xampp\htdocs\banbuy\wp-content\plugins\elementor\includes\base\element-base.php(450): Elementor\Widget_Base->print_content()
#21 D:\xampp\htdocs\banbuy\wp-content\plugins\elementor\includes\base\element-base.php(744): Elementor\Element_Base->print_element()
#22 D:\xampp\htdocs\banbuy\wp-content\plugins\elementor\includes\base\element-base.php(450): Elementor\Element_Base->print_content()
#23 D:\xampp\htdocs\banbuy\wp-content\plugins\elementor\includes\base\element-base.php(744): Elementor\Element_Base->print_element()
#24 D:\xampp\htdocs\banbuy\wp-content\plugins\elementor\includes\base\element-base.php(450): Elementor\Element_Base->print_content()
#25 D:\xampp\htdocs\banbuy\wp-content\plugins\elementor\core\base\document.php(1516): Elementor\Element_Base->print_element()
#26 D:\xampp\htdocs\banbuy\wp-content\plugins\elementor\core\base\document.php(989): Elementor\Core\Base\Document->print_elements(Array)
#27 D:\xampp\htdocs\banbuy\wp-content\plugins\elementor\includes\frontend.php(1038): Elementor\Core\Base\Document->print_elements_with_wrapper(Array)
#28 D:\xampp\htdocs\banbuy\wp-content\plugins\elementor\includes\frontend.php(952): Elementor\Frontend->get_builder_content(8)
#29 D:\xampp\htdocs\banbuy\wp-includes\class-wp-hook.php(303): Elementor\Frontend->apply_builder_in_content('<em>Welcome to ...')
#30 D:\xampp\htdocs\banbuy\wp-includes\plugin.php(189): WP_Hook->apply_filters('<em>Welcome to ...', Array)
#31 D:\xampp\htdocs\banbuy\wp-includes\post-template.php(253): apply_filters('the_content', '<em>Welcome to ...')
#32 D:\xampp\htdocs\banbuy\wp-content\themes\astra\template-parts\content-page.php(54): the_content()
#33 D:\xampp\htdocs\banbuy\wp-includes\template.php(772): require('D:\\xampp\\htdocs...')
#34 D:\xampp\htdocs\banbuy\wp-includes\template.php(716): load_template('D:\\xampp\\htdocs...', false, Array)
#35 D:\xampp\htdocs\banbuy\wp-includes\general-template.php(204): locate_template(Array, true, false, Array)
#36 D:\xampp\htdocs\banbuy\wp-content\themes\astra\inc\class-astra-loop.php(109): get_template_part('template-parts/...', 'page')
#37 D:\xampp\htdocs\banbuy\wp-includes\class-wp-hook.php(303): Astra_Loop->template_parts_page('')
#38 D:\xampp\htdocs\banbuy\wp-includes\class-wp-hook.php(327): WP_Hook->apply_filters('', Array)
#39 D:\xampp\htdocs\banbuy\wp-includes\plugin.php(470): WP_Hook->do_action(Array)
#40 D:\xampp\htdocs\banbuy\wp-content\themes\astra\inc\class-astra-loop.php(197): do_action('astra_page_temp...')
#41 D:\xampp\htdocs\banbuy\wp-content\themes\astra\inc\class-astra-loop.php(174): Astra_Loop->loop_markup(true)
#42 D:\xampp\htdocs\banbuy\wp-includes\class-wp-hook.php(303): Astra_Loop->loop_markup_page('')
#43 D:\xampp\htdocs\banbuy\wp-includes\class-wp-hook.php(327): WP_Hook->apply_filters('', Array)
#44 D:\xampp\htdocs\banbuy\wp-includes\plugin.php(470): WP_Hook->do_action(Array)
#45 D:\xampp\htdocs\banbuy\wp-content\themes\astra\inc\core\theme-hooks.php(267): do_action('astra_content_p...')
#46 D:\xampp\htdocs\banbuy\wp-content\themes\astra\page.php(32): astra_content_page_loop()
#47 D:\xampp\htdocs\banbuy\wp-includes\template-loader.php(106): include('D:\\xampp\\htdocs...')
#48 D:\xampp\htdocs\banbuy\wp-blog-header.php(19): require_once('D:\\xampp\\htdocs...')
#49 D:\xampp\htdocs\banbuy\index.php(17): require('D:\\xampp\\htdocs...')
#50 {main}
  thrown in D:\xampp\htdocs\banbuy\wp-content\themes\astra\functions.php on line 286

